26-Sep-2018 11:30:41.061 INFO [main] org.apache.catalina.core.AprLifecycleListener.lifecycleEvent The APR based Apache Tomcat Native library which allows optimal performance in production environments was not found on the java.library.path: [/usr/java/packages/lib/amd64:/usr/lib64:/lib64:/lib:/usr/lib]
26-Sep-2018 11:30:41.242 INFO [main] org.apache.coyote.AbstractProtocol.init Initializing ProtocolHandler ["http-nio-8080"]
26-Sep-2018 11:30:41.277 INFO [main] org.apache.tomcat.util.net.NioSelectorPool.getSharedSelector Using a shared selector for servlet write/read
26-Sep-2018 11:30:41.285 INFO [main] org.apache.coyote.AbstractProtocol.init Initializing ProtocolHandler ["ajp-nio-8009"]
26-Sep-2018 11:30:41.287 INFO [main] org.apache.tomcat.util.net.NioSelectorPool.getSharedSelector Using a shared selector for servlet write/read
26-Sep-2018 11:30:41.288 INFO [main] org.apache.catalina.startup.Catalina.load Initialization processed in 850 ms
26-Sep-2018 11:30:41.359 INFO [main] org.apache.catalina.core.StandardService.startInternal Starting service [Catalina]
26-Sep-2018 11:30:41.359 INFO [main] org.apache.catalina.core.StandardEngine.startInternal Starting Servlet Engine: Apache Tomcat/8.5.28
26-Sep-2018 11:30:41.429 INFO [localhost-startStop-1] org.apache.catalina.startup.HostConfig.deployWAR Deploying web application archive [/home/oedev/workspace/tomsHippoReact/hippo-demo-spa-integration/target/tomcat8x/webapps/cms.war]
26-Sep-2018 11:31:10.931 INFO [localhost-startStop-1] org.apache.catalina.startup.HostConfig.deployWAR Deployment of web application archive [/home/oedev/workspace/tomsHippoReact/hippo-demo-spa-integration/target/tomcat8x/webapps/cms.war] has finished in [29,501] ms
26-Sep-2018 11:31:10.933 INFO [localhost-startStop-1] org.apache.catalina.startup.HostConfig.deployWAR Deploying web application archive [/home/oedev/workspace/tomsHippoReact/hippo-demo-spa-integration/target/tomcat8x/webapps/site.war]
26-Sep-2018 11:31:10.938 INFO [localhost-startStop-1] org.apache.catalina.realm.JAASRealm.setUseContextClassLoader Setting useContextClassLoader = true
26-Sep-2018 11:31:20.468 INFO [localhost-startStop-1] org.apache.catalina.startup.HostConfig.deployWAR Deployment of web application archive [/home/oedev/workspace/tomsHippoReact/hippo-demo-spa-integration/target/tomcat8x/webapps/site.war] has finished in [9,535] ms
26-Sep-2018 11:31:20.471 INFO [localhost-startStop-1] org.apache.catalina.startup.HostConfig.deployWAR Deploying web application archive [/home/oedev/workspace/tomsHippoReact/hippo-demo-spa-integration/target/tomcat8x/webapps/essentials.war]
26-Sep-2018 11:31:25.732 INFO [localhost-startStop-1] org.apache.cxf.endpoint.ServerImpl.initDestination Setting the server's publish address to be /
26-Sep-2018 11:31:26.451 INFO [localhost-startStop-1] org.apache.cxf.endpoint.ServerImpl.initDestination Setting the server's publish address to be /system
26-Sep-2018 11:31:26.483 INFO [localhost-startStop-1] org.apache.catalina.startup.HostConfig.deployWAR Deployment of web application archive [/home/oedev/workspace/tomsHippoReact/hippo-demo-spa-integration/target/tomcat8x/webapps/essentials.war] has finished in [6,013] ms
26-Sep-2018 11:31:26.484 INFO [localhost-startStop-1] org.apache.catalina.startup.HostConfig.deployWAR Deploying web application archive [/home/oedev/workspace/tomsHippoReact/hippo-demo-spa-integration/target/tomcat8x/webapps/cargocpc.war]
26-Sep-2018 11:31:26.560 INFO [localhost-startStop-1] org.apache.catalina.startup.HostConfig.deployWAR Deployment of web application archive [/home/oedev/workspace/tomsHippoReact/hippo-demo-spa-integration/target/tomcat8x/webapps/cargocpc.war] has finished in [76] ms
26-Sep-2018 11:31:26.561 INFO [localhost-startStop-1] org.apache.catalina.startup.HostConfig.deployDirectory Deploying web application directory [/home/oedev/workspace/tomsHippoReact/hippo-demo-spa-integration/target/tomcat8x/webapps/manager]
26-Sep-2018 11:31:26.613 INFO [localhost-startStop-1] org.apache.catalina.startup.HostConfig.deployDirectory Deployment of web application directory [/home/oedev/workspace/tomsHippoReact/hippo-demo-spa-integration/target/tomcat8x/webapps/manager] has finished in [51] ms
26-Sep-2018 11:31:26.613 INFO [localhost-startStop-1] org.apache.catalina.startup.HostConfig.deployDirectory Deploying web application directory [/home/oedev/workspace/tomsHippoReact/hippo-demo-spa-integration/target/tomcat8x/webapps/host-manager]
26-Sep-2018 11:31:26.645 INFO [localhost-startStop-1] org.apache.catalina.startup.HostConfig.deployDirectory Deployment of web application directory [/home/oedev/workspace/tomsHippoReact/hippo-demo-spa-integration/target/tomcat8x/webapps/host-manager] has finished in [32] ms
26-Sep-2018 11:31:26.664 INFO [main] org.apache.coyote.AbstractProtocol.start Starting ProtocolHandler ["http-nio-8080"]
26-Sep-2018 11:31:26.698 INFO [main] org.apache.coyote.AbstractProtocol.start Starting ProtocolHandler ["ajp-nio-8009"]
26-Sep-2018 11:31:26.712 INFO [main] org.apache.catalina.startup.Catalina.start Server startup in 45423 ms
